<?xml version="1.0" encoding="UTF-8"?>
<!-- Generated by org.testng.reporters.JUnitXMLReporter -->
<testsuite ignored="0" hostname="Mohammad-Ashraf" failures="1" tests="7" name="Test" time="0.137" errors="0" timestamp="2022-06-16T15:46:33 IST">
  <testcase classname="testngpack.FirstTestNGClasss" name="method1" time="0.018"/>
  <testcase classname="testngpack.FirstTestNGClasss" name="method3" time="0.003"/>
  <testcase classname="testngpack.FirstTestNGClasss" name="method4" time="0.001">
    <failure type="java.lang.ArithmeticException" message="/ by zero">
      <![CDATA[java.lang.ArithmeticException: / by zero
at testngpack.FirstTestNGClasss.method4(FirstTestNGClasss.java:36)
at java.base/java.util.ArrayList.forEach(ArrayList.java:1511)
... Removed 27 stack frames]]>
    </failure>
  </testcase> <!-- method4 -->
  <testcase classname="testngpack.FirstTestNGClasss" name="method5" time="0.002"/>
  <testcase classname="testngpack.Sumo" name="c" time="0.002"/>
  <testcase classname="testngpack.Remo" name="b" time="0.004"/>
  <testcase classname="testngpack.Demo" name="a" time="0.003"/>
</testsuite> <!-- Test -->
